<?xml version="1.0" encoding="UTF-8"?>
<testng-results skipped="0" failed="0" ignored="0" total="1" passed="1">
  <reporter-output>
  </reporter-output>
  <suite name="Default suite" duration-ms="15486" started-at="2019-11-23T20:07:50 EST" finished-at="2019-11-23T20:08:06 EST">
    <groups>
    </groups>
    <test name="Default test" duration-ms="15486" started-at="2019-11-23T20:07:50 EST" finished-at="2019-11-23T20:08:06 EST">
      <class name="testRun.BaseTest">
        <test-method status="PASS" signature="signIn()[pri:0, instance:testRun.BaseTest@578486a3]" name="signIn" duration-ms="15437" started-at="2019-11-23T20:07:50 EST" finished-at="2019-11-23T20:08:06 EST">
          <reporter-output>
          </reporter-output>
        </test-method> <!-- signIn -->
      </class> <!-- testRun.BaseTest -->
    </test> <!-- Default test -->
  </suite> <!-- Default suite -->
</testng-results>
